<?xml version="1.0" encoding="UTF-8"?>
<!-- Generated by org.testng.reporters.JUnitXMLReporter -->
<testsuite ignored="0" hostname="DESKTOP-R7HKC99" failures="0" tests="4" name="Sprint1" time="41.739" errors="0" timestamp="2025-06-24T09:24:12 IST">
  <testcase classname="Major_functions.Add_multifamily_Property" name="add" time="11.825"/>
  <testcase classname="Major_functions.Add_single_property" name="add" time="8.756"/>
  <testcase classname="Major_functions.Add_Tenant" name="add" time="9.402"/>
  <testcase classname="Major_functions.Remove_tenant" name="delete" time="11.71"/>
</testsuite> <!-- Sprint1 -->
