<?xml version="1.0" encoding="UTF-8"?>
<testng-results ignored="0" total="1" passed="1" failed="0" skipped="0">
  <reporter-output>
    <line>
      <![CDATA[Launching the application]]>
    </line>
    <line>
      <![CDATA[Navigated to Login page]]>
    </line>
    <line>
      <![CDATA[Entered Email]]>
    </line>
    <line>
      <![CDATA[Entered Password]]>
    </line>
    <line>
      <![CDATA[Clicked on Login button]]>
    </line>
    <line>
      <![CDATA[Implicit wait set for 2 seconds]]>
    </line>
    <line>
      <![CDATA[Select property to add vendor]]>
    </line>
    <line>
      <![CDATA[Vendor removal confirmed]]>
    </line>
    <line>
      <![CDATA[Closing the browser]]>
    </line>
  </reporter-output>
  <suite started-at="2025-06-24T09:44:11 IST" name="Default suite" finished-at="2025-06-24T09:44:30 IST" duration-ms="18743">
    <groups>
    </groups>
    <test started-at="2025-06-24T09:44:11 IST" name="Default test" finished-at="2025-06-24T09:44:30 IST" duration-ms="18743">
      <class name="Major_functions.Remove_Vendor">
        <test-method signature="remove()[pri:0, instance:Major_functions.Remove_Vendor@6221a451]" started-at="2025-06-24T09:44:11 IST" name="remove" finished-at="2025-06-24T09:44:30 IST" duration-ms="18703" status="PASS">
          <reporter-output>
            <line>
              <![CDATA[Launching the application]]>
            </line>
            <line>
              <![CDATA[Navigated to Login page]]>
            </line>
            <line>
              <![CDATA[Entered Email]]>
            </line>
            <line>
              <![CDATA[Entered Password]]>
            </line>
            <line>
              <![CDATA[Clicked on Login button]]>
            </line>
            <line>
              <![CDATA[Implicit wait set for 2 seconds]]>
            </line>
            <line>
              <![CDATA[Select property to add vendor]]>
            </line>
            <line>
              <![CDATA[Vendor removal confirmed]]>
            </line>
            <line>
              <![CDATA[Closing the browser]]>
            </line>
          </reporter-output>
        </test-method> <!-- remove -->
      </class> <!-- Major_functions.Remove_Vendor -->
    </test> <!-- Default test -->
  </suite> <!-- Default suite -->
</testng-results>
